[2024-11-18T07:56:42.505+0000] {taskinstance.py:1159} INFO - Dependencies all met for dep_context=non-requeueable deps ti=<TaskInstance: etl_reddit_pipeline.reddit_extraction manual__2024-11-18T07:56:41.374190+00:00 [queued]>
[2024-11-18T07:56:42.516+0000] {taskinstance.py:1159} INFO - Dependencies all met for dep_context=requeueable deps ti=<TaskInstance: etl_reddit_pipeline.reddit_extraction manual__2024-11-18T07:56:41.374190+00:00 [queued]>
[2024-11-18T07:56:42.516+0000] {taskinstance.py:1361} INFO - Starting attempt 1 of 1
[2024-11-18T07:56:42.531+0000] {taskinstance.py:1382} INFO - Executing <Task(PythonOperator): reddit_extraction> on 2024-11-18 07:56:41.374190+00:00
[2024-11-18T07:56:42.536+0000] {standard_task_runner.py:57} INFO - Started process 98 to run task
[2024-11-18T07:56:42.541+0000] {standard_task_runner.py:84} INFO - Running: ['airflow', 'tasks', 'run', 'etl_reddit_pipeline', 'reddit_extraction', 'manual__2024-11-18T07:56:41.374190+00:00', '--job-id', '20', '--raw', '--subdir', 'DAGS_FOLDER/reddit_dag.py', '--cfg-path', '/tmp/tmpf9q7qg12']
[2024-11-18T07:56:42.548+0000] {standard_task_runner.py:85} INFO - Job 20: Subtask reddit_extraction
[2024-11-18T07:56:42.596+0000] {task_command.py:416} INFO - Running <TaskInstance: etl_reddit_pipeline.reddit_extraction manual__2024-11-18T07:56:41.374190+00:00 [running]> on host 9f42dd3b4e06
[2024-11-18T07:56:42.687+0000] {taskinstance.py:1662} INFO - Exporting env vars: AIRFLOW_CTX_DAG_OWNER='Bao Nguyen' AIRFLOW_CTX_DAG_ID='etl_reddit_pipeline' AIRFLOW_CTX_TASK_ID='reddit_extraction' AIRFLOW_CTX_EXECUTION_DATE='2024-11-18T07:56:41.374190+00:00' AIRFLOW_CTX_TRY_NUMBER='1' AIRFLOW_CTX_DAG_RUN_ID='manual__2024-11-18T07:56:41.374190+00:00'
[2024-11-18T07:56:42.690+0000] {logging_mixin.py:151} WARNING - Version 7.7.1 of praw is outdated. Version 7.8.1 was released Friday October 25, 2024.
[2024-11-18T07:56:42.692+0000] {logging_mixin.py:151} INFO - connected to reddit!
[2024-11-18T07:56:43.435+0000] {taskinstance.py:1937} ERROR - Task failed with exception
Traceback (most recent call last):
  File "/home/airflow/.local/lib/python3.9/site-packages/airflow/operators/python.py", line 192, in execute
    return_value = self.execute_callable()
  File "/home/airflow/.local/lib/python3.9/site-packages/airflow/operators/python.py", line 209, in execute_callable
    return self.python_callable(*self.op_args, **self.op_kwargs)
  File "/opt/airflow/pipelines/reddit_pipeline.py", line 12, in reddit_pipeline
    post_df = transform_data(post_df)
  File "/opt/airflow/etls/reddit_etl.py", line 40, in transform_data
    post_df['edited'] = np.where(post_df['edited'].isin[True, False], post_df['edited'], edited_mode).astype(bool)
TypeError: 'method' object is not subscriptable
[2024-11-18T07:56:43.443+0000] {taskinstance.py:1400} INFO - Marking task as FAILED. dag_id=etl_reddit_pipeline, task_id=reddit_extraction, execution_date=20241118T075641, start_date=20241118T075642, end_date=20241118T075643
[2024-11-18T07:56:43.453+0000] {standard_task_runner.py:104} ERROR - Failed to execute job 20 for task reddit_extraction ('method' object is not subscriptable; 98)
[2024-11-18T07:56:43.500+0000] {local_task_job_runner.py:228} INFO - Task exited with return code 1
[2024-11-18T07:56:43.517+0000] {taskinstance.py:2778} INFO - 0 downstream tasks scheduled from follow-on schedule check
